<?xml version="1.0" encoding="UTF-8"?>
<!-- Generated by org.testng.reporters.JUnitXMLReporter -->
<testsuite hostname="DESKTOP-2E9PMJ6" failures="1" tests="1" name="Surefire test" time="334.666" errors="0" timestamp="17 May 2019 04:22:28 GMT">
  <testcase classname="runner.TestRunner" name="feature" time="333.411">
    <failure type="cucumber.runtime.CucumberException" message="java.lang.NullPointerException">
      <![CDATA[cucumber.runtime.CucumberException: java.lang.NullPointerException
	at cucumber.api.testng.TestNGCucumberRunner.runCucumber(TestNGCucumberRunner.java:69)
	at runner.TestRunner.feature(TestRunner.java:31)
Caused by: java.lang.NullPointerException
	at stepDefinition.vReset.i_clicked_on_forgotten_your_password_link(vReset.java:27)
	at ✽.When I clicked on forgotten your password link(vLogin.feature:21)
... Removed 29 stack frames]]>
    </failure>
  </testcase> <!-- feature -->
</testsuite> <!-- Surefire test -->
