-------------------------------------------------------------------------------
Test set: runner.TestRunner
-------------------------------------------------------------------------------
Tests run: 1, Failures: 1, Errors: 0, Skipped: 0, Time elapsed: 336.595 s <<< FAILURE! - in runner.TestRunner
feature(runner.TestRunner)  Time elapsed: 333.439 s  <<< FAILURE!
cucumber.runtime.CucumberException: java.lang.NullPointerException
	at runner.TestRunner.feature(TestRunner.java:31)
Caused by: java.lang.NullPointerException

