<?xml version="1.0" encoding="UTF-8"?>
<testng-results total="1" passed="1" failed="0" skipped="0">
  <reporter-output>
  </reporter-output>
  <suite started-at="2019-05-18T16:58:16Z" name="Surefire suite" finished-at="2019-05-18T17:03:13Z" duration-ms="296242">
    <groups>
      <group name="cucumber">
        <method signature="TestRunner.feature(cucumber.api.testng.CucumberFeatureWrapper)[pri:0, instance:runner.TestRunner@55183b20]" name="feature" class="runner.TestRunner"/>
      </group> <!-- cucumber -->
    </groups>
    <test started-at="2019-05-18T16:58:16Z" name="Surefire test" finished-at="2019-05-18T17:03:13Z" duration-ms="296242">
      <class name="runner.TestRunner">
        <test-method is-config="true" signature="setUpClass()[pri:0, instance:runner.TestRunner@55183b20]" started-at="2019-05-18T17:58:16Z" name="setUpClass" finished-at="2019-05-18T17:58:17Z" duration-ms="763" status="PASS">
          <reporter-output>
          </reporter-output>
        </test-method> <!-- setUpClass -->
        <test-method signature="feature(cucumber.api.testng.CucumberFeatureWrapper)[pri:0, instance:runner.TestRunner@55183b20]" started-at="2019-05-18T17:58:17Z" name="feature" description="Runs Cucumber Feature" data-provider="features" finished-at="2019-05-18T18:03:13Z" duration-ms="295100" status="PASS">
          <params>
            <param index="0">
              <value>
                <![CDATA[Logging into very account with valid and invalid credentials]]>
              </value>
            </param>
          </params>
          <reporter-output>
          </reporter-output>
        </test-method> <!-- feature -->
        <test-method is-config="true" signature="tearDownClass()[pri:0, instance:runner.TestRunner@55183b20]" started-at="2019-05-18T18:03:13Z" name="tearDownClass" finished-at="2019-05-18T18:03:13Z" duration-ms="80" status="PASS">
          <reporter-output>
          </reporter-output>
        </test-method> <!-- tearDownClass -->
      </class> <!-- runner.TestRunner -->
    </test> <!-- Surefire test -->
  </suite> <!-- Surefire suite -->
</testng-results>
